  Freight_station.cpp
  Freight_van.cpp
  Lab_3.cpp
  Locomative.cpp
  Passanger_freight_station.cpp
  Passenger_station.cpp
  Passenger_van.cpp
  Station.cpp
  Train.cpp
D:\ППвИС\SDiIS-Lab_3\Train.cpp(26,20): warning C4018: <: несоответствие типов со знаком и без знака
D:\ППвИС\SDiIS-Lab_3\Train.cpp(70,20): warning C4018: <: несоответствие типов со знаком и без знака
D:\ППвИС\SDiIS-Lab_3\Train.cpp(87,20): warning C4018: <: несоответствие типов со знаком и без знака
D:\ППвИС\SDiIS-Lab_3\Train.cpp(112,20): warning C4018: <: несоответствие типов со знаком и без знака
D:\ППвИС\SDiIS-Lab_3\Train.cpp(115,20): warning C4018: <: несоответствие типов со знаком и без знака
  Van.cpp
  Создание кода
  Previous IPDB not found, fall back to full compilation.
  All 96 functions were compiled because no usable IPDB/IOBJ from previous compilation was found.
  Создание кода завершено
  Lab_3.vcxproj -> D:\ППвИС\SDiIS-Lab_3\Release\Lab_3.exe
